<?xml version="1.0" encoding="UTF-8" ?>
<testsuite tests="51" failures="0" name="TestSuite" time="270.423" errors="0" skipped="0">
  <properties>
    <property name="java.runtime.name" value="Java(TM) SE Runtime Environment"/>
    <property name="java.vm.version" value="19.0.1+10-21"/>
    <property name="sun.boot.library.path" value="C:\Program Files\Java\jdk-19\bin"/>
    <property name="maven.multiModuleProjectDirectory" value="C:\Users\Ashik\eclipse-workspace\IdentifyNewBikes"/>
    <property name="java.vm.vendor" value="Oracle Corporation"/>
    <property name="java.vendor.url" value="https://java.oracle.com/"/>
    <property name="guice.disable.misplaced.annotation.check" value="true"/>
    <property name="path.separator" value=";"/>
    <property name="java.vm.name" value="Java HotSpot(TM) 64-Bit Server VM"/>
    <property name="sun.os.patch.level" value=""/>
    <property name="user.script" value=""/>
    <property name="user.country" value="IN"/>
    <property name="sun.java.launcher" value="SUN_STANDARD"/>
    <property name="java.vm.specification.name" value="Java Virtual Machine Specification"/>
    <property name="user.dir" value="C:\Users\Ashik\eclipse-workspace\IdentifyNewBikes"/>
    <property name="java.vm.compressedOopsMode" value="32-bit"/>
    <property name="java.runtime.version" value="19.0.1+10-21"/>
    <property name="os.arch" value="amd64"/>
    <property name="java.io.tmpdir" value="C:\Users\Ashik\AppData\Local\Temp\"/>
    <property name="line.separator" value="
"/>
    <property name="java.vm.specification.vendor" value="Oracle Corporation"/>
    <property name="user.variant" value=""/>
    <property name="stderr.encoding" value="cp437"/>
    <property name="os.name" value="Windows 10"/>
    <property name="classworlds.conf" value="C:\Program Files\Apache Software Foundation\apache-maven-3.8.6\bin\m2.conf"/>
    <property name="sun.jnu.encoding" value="Cp1252"/>
    <property name="stdout.encoding" value="cp437"/>
    <property name="java.library.path" value="C:\Program Files\Java\jdk-19\bin;C:\Windows\Sun\Java\bin;C:\Windows\system32;C:\Windows;C:\Program Files (x86)\Razer Chroma SDK\bin;C:\Program Files\Razer Chroma SDK\bin;C:\Program Files (x86)\Razer\ChromaBroadcast\bin;C:\Program Files\Razer\ChromaBroadcast\bin;C:\Program Files\Common Files\Oracle\Java\javapath;C:\Program Files (x86)\Common Files\Oracle\Java\javapath;C:\Windows\system32;C:\Windows;C:\Windows\System32\Wbem;C:\Windows\System32\WindowsPowerShell\v1.0\;C:\Windows\System32\OpenSSH\;C:\Program Files (x86)\NVIDIA Corporation\PhysX\Common;C:\Program Files\NVIDIA Corporation\NVIDIA NvDLISR;C:\Program Files\dotnet\;C:\Users\Ashik\anaconda3;C:\Users\Ashik\anaconda3\Library\mingw-w64\bin;C:\Users\Ashik\anaconda3\Library\usr\bin;C:\Users\Ashik\anaconda3\Library\bin;C:\Users\Ashik\anaconda3\Scripts;C:\Users\Ashik\AppData\Local\Programs\Python\Python310\Scripts\;C:\Users\Ashik\AppData\Local\Programs\Python\Python310\;C:\Users\Ashik\AppData\Local\Microsoft\WindowsApps;C:\Program Files\JetBrains\PyCharm 2022.1.2\bin;C:\Program Files\JetBrains\IntelliJ IDEA 2022.1.2\bin;C:\Users\Ashik\AppData\Local\Programs\Microsoft VS Code\bin;C:\Windows\system32\config\systemprofile\AppData\Local\Microsoft\WindowsApps;C:\Program Files\nodejs\;C:\ProgramData\chocolatey\bin;C:\Program Files\Git\cmd;C:\Program Files\MySQL\MySQL Shell 8.0\bin\;C:\Users\Ashik\anaconda3;C:\Users\Ashik\anaconda3\Library\mingw-w64\bin;C:\Users\Ashik\anaconda3\Library\usr\bin;C:\Users\Ashik\anaconda3\Library\bin;C:\Users\Ashik\anaconda3\Scripts;C:\Users\Ashik\AppData\Local\Microsoft\WindowsApps;C:\Program Files\JetBrains\PyCharm 2022.1.2\bin;;C:\Program Files\JetBrains\IntelliJ IDEA 2022.1.2\bin;;C:\Users\Ashik\AppData\Local\Programs\Microsoft VS Code\bin;C:\Users\Ashik\AppData\Roaming\npm;C:\Program Files\heroku\bin;C:\msys64\mingw64\bin;C:\Program Files\Apache Software Foundation\apache-maven-3.8.6\bin;C:\Users\Ashik\AppData\Local\GitHubDesktop\bin;."/>
    <property name="maven.conf" value="C:\Program Files\Apache Software Foundation\apache-maven-3.8.6/conf"/>
    <property name="jdk.debug" value="release"/>
    <property name="java.class.version" value="63.0"/>
    <property name="java.specification.name" value="Java Platform API Specification"/>
    <property name="sun.management.compiler" value="HotSpot 64-Bit Tiered Compilers"/>
    <property name="os.version" value="10.0"/>
    <property name="library.jansi.path" value="C:\Program Files\Apache Software Foundation\apache-maven-3.8.6\lib\jansi-native"/>
    <property name="user.home" value="C:\Users\Ashik"/>
    <property name="user.timezone" value="Asia/Calcutta"/>
    <property name="file.encoding" value="UTF-8"/>
    <property name="java.specification.version" value="19"/>
    <property name="user.name" value="Ashik"/>
    <property name="java.class.path" value="C:\Program Files\Apache Software Foundation\apache-maven-3.8.6\boot\plexus-classworlds-2.6.0.jar"/>
    <property name="java.vm.specification.version" value="19"/>
    <property name="sun.arch.data.model" value="64"/>
    <property name="sun.java.command" value="org.codehaus.plexus.classworlds.launcher.Launcher package"/>
    <property name="java.home" value="C:\Program Files\Java\jdk-19"/>
    <property name="user.language" value="en"/>
    <property name="java.specification.vendor" value="Oracle Corporation"/>
    <property name="java.vm.info" value="mixed mode, sharing"/>
    <property name="java.version" value="19.0.1"/>
    <property name="native.encoding" value="Cp1252"/>
    <property name="java.vendor" value="Oracle Corporation"/>
    <property name="maven.home" value="C:\Program Files\Apache Software Foundation\apache-maven-3.8.6"/>
    <property name="file.separator" value="\"/>
    <property name="java.version.date" value="2022-10-18"/>
    <property name="java.vendor.url.bug" value="https://bugreport.java.com/bugreport/"/>
    <property name="sun.io.unicode.encoding" value="UnicodeLittle"/>
    <property name="sun.cpu.endian" value="little"/>
    <property name="sun.cpu.isalist" value="amd64"/>
  </properties>
  <testcase classname="com.newbikes.test.GoogleSignInTest" name="testGoogleSignIn" time="5.234"/>
  <testcase classname="com.newbikes.test.GoogleSignInTest" name="clickSignInButton" time="1.537"/>
  <testcase classname="com.newbikes.test.GoogleSignInTest" name="clickGoogleButton" time="1.741"/>
  <testcase classname="com.newbikes.test.GoogleSignInTest" name="enterUserName" time="1.69"/>
  <testcase classname="com.newbikes.test.GoogleSignInTest" name="clickNextButton" time="1.337"/>
  <testcase classname="com.newbikes.test.GoogleSignInTest" name="getErrorMessage" time="4.125"/>
  <testcase classname="com.newbikes.test.GoogleSignInTest" name="testGoogleSignIn" time="3.081"/>
  <testcase classname="com.newbikes.test.GoogleSignInTest" name="clickSignInButton" time="1.799"/>
  <testcase classname="com.newbikes.test.GoogleSignInTest" name="clickGoogleButton" time="1.541"/>
  <testcase classname="com.newbikes.test.GoogleSignInTest" name="enterUserName" time="1.49"/>
  <testcase classname="com.newbikes.test.GoogleSignInTest" name="clickNextButton" time="1.301"/>
  <testcase classname="com.newbikes.test.GoogleSignInTest" name="getErrorMessage" time="4.062"/>
  <testcase classname="com.newbikes.test.GoogleSignInTest" name="testGoogleSignIn" time="1.936"/>
  <testcase classname="com.newbikes.test.GoogleSignInTest" name="clickSignInButton" time="1.608"/>
  <testcase classname="com.newbikes.test.GoogleSignInTest" name="clickGoogleButton" time="1.698"/>
  <testcase classname="com.newbikes.test.GoogleSignInTest" name="enterUserName" time="2.081"/>
  <testcase classname="com.newbikes.test.GoogleSignInTest" name="clickNextButton" time="1.323"/>
  <testcase classname="com.newbikes.test.GoogleSignInTest" name="getErrorMessage" time="4.095"/>
  <testcase classname="com.newbikes.test.UpcomingBikesTest" name="testUpcomingBike" time="1.693"/>
  <testcase classname="com.newbikes.test.UpcomingBikesTest" name="hoverOnNewBikesMenu" time="1.743"/>
  <testcase classname="com.newbikes.test.UpcomingBikesTest" name="clickUpcomingBikes" time="2.701"/>
  <testcase classname="com.newbikes.test.UpcomingBikesTest" name="selectManufacturer" time="1.545"/>
  <testcase classname="com.newbikes.test.UpcomingBikesTest" name="clickViewMoreButton" time="6.552"/>
  <testcase classname="com.newbikes.test.UpcomingBikesTest" name="printNewBikeModels" time="0.795"/>
  <testcase classname="com.newbikes.test.UpcomingBikesTest" name="testUpcomingBike" time="3.627"/>
  <testcase classname="com.newbikes.test.UpcomingBikesTest" name="hoverOnNewBikesMenu" time="1.618"/>
  <testcase classname="com.newbikes.test.UpcomingBikesTest" name="clickUpcomingBikes" time="1.712"/>
  <testcase classname="com.newbikes.test.UpcomingBikesTest" name="selectManufacturer" time="1.652"/>
  <testcase classname="com.newbikes.test.UpcomingBikesTest" name="clickViewMoreButton" time="6.589"/>
  <testcase classname="com.newbikes.test.UpcomingBikesTest" name="printNewBikeModels" time="0.527"/>
  <testcase classname="com.newbikes.test.UpcomingBikesTest" name="testUpcomingBike" time="2.724"/>
  <testcase classname="com.newbikes.test.UpcomingBikesTest" name="hoverOnNewBikesMenu" time="1.77"/>
  <testcase classname="com.newbikes.test.UpcomingBikesTest" name="clickUpcomingBikes" time="1.475"/>
  <testcase classname="com.newbikes.test.UpcomingBikesTest" name="selectManufacturer" time="1.496"/>
  <testcase classname="com.newbikes.test.UpcomingBikesTest" name="clickViewMoreButton" time="6.452"/>
  <testcase classname="com.newbikes.test.UpcomingBikesTest" name="printNewBikeModels" time="0.271"/>
  <testcase classname="com.newbikes.test.UsedCarsTest" name="testUsedCars" time="1.718"/>
  <testcase classname="com.newbikes.test.UsedCarsTest" name="hoverOnUsedCars" time="1.761"/>
  <testcase classname="com.newbikes.test.UsedCarsTest" name="clickChennai" time="2.402"/>
  <testcase classname="com.newbikes.test.UsedCarsTest" name="clickAllPopularCars" time="37.841"/>
  <testcase classname="com.newbikes.test.UsedCarsTest" name="updateCarModelsInExcel" time="23.84"/>
  <testcase classname="com.newbikes.test.UsedCarsTest" name="testUsedCars" time="4.352"/>
  <testcase classname="com.newbikes.test.UsedCarsTest" name="hoverOnUsedCars" time="1.576"/>
  <testcase classname="com.newbikes.test.UsedCarsTest" name="clickChennai" time="2.542"/>
  <testcase classname="com.newbikes.test.UsedCarsTest" name="clickAllPopularCars" time="33.786"/>
  <testcase classname="com.newbikes.test.UsedCarsTest" name="updateCarModelsInExcel" time="24.692"/>
  <testcase classname="com.newbikes.test.UsedCarsTest" name="testUsedCars" time="2.781"/>
  <testcase classname="com.newbikes.test.UsedCarsTest" name="hoverOnUsedCars" time="1.736"/>
  <testcase classname="com.newbikes.test.UsedCarsTest" name="clickChennai" time="2.033"/>
  <testcase classname="com.newbikes.test.UsedCarsTest" name="clickAllPopularCars" time="31.625"/>
  <testcase classname="com.newbikes.test.UsedCarsTest" name="updateCarModelsInExcel" time="11.117"/>
</testsuite>