<?xml version="1.0" encoding="UTF-8"?>
<!-- Generated by org.testng.reporters.JUnitReportReporter -->
<testsuite hostname="DESKTOP-2SSI7FC" failures="0" tests="3" name="regressionTeting.RegressionTest" time="105.958" errors="0" timestamp="2022-12-15T20:50:40 IST" skipped="0">
  <testcase classname="regressionTeting.RegressionTest" name="testGoogleSignIn" time="12.943"/>
  <system-out/>
  <testcase classname="regressionTeting.RegressionTest" name="testUpcomingBike" time="15.724"/>
  <system-out/>
  <testcase classname="regressionTeting.RegressionTest" name="testUsedCars" time="77.291"/>
  <system-out/>
</testsuite> <!-- regressionTeting.RegressionTest -->
