<?xml version="1.0" encoding="UTF-8"?>
<!-- Generated by org.testng.reporters.JUnitReportReporter -->
<testsuite hostname="DESKTOP-2SSI7FC" failures="0" tests="3" name="test.UpcomingBikesTest" time="42.457" errors="0" timestamp="2022-12-16T18:46:45 IST" skipped="0">
  <testcase classname="test.UpcomingBikesTest" name="testUpcomingBike" time="14.730"/>
  <system-out/>
  <testcase classname="test.UpcomingBikesTest" name="testUpcomingBike" time="14.861"/>
  <system-out/>
  <testcase classname="test.UpcomingBikesTest" name="testUpcomingBike" time="12.866"/>
  <system-out/>
</testsuite> <!-- test.UpcomingBikesTest -->
