<?xml version="1.0" encoding="UTF-8"?>
<!-- Generated by org.testng.reporters.JUnitReportReporter -->
<testsuite hostname="LAPTOP-E24ARRP0" failures="0" tests="9" name="com.newbikes.test.UsedCarsTest" time="25.205" errors="0" timestamp="2023-01-19T19:21:42 IST" skipped="0">
  <testcase classname="com.newbikes.test.UsedCarsTest" name="testUsedCars" time="2.402"/>
  <system-out/>
  <testcase classname="com.newbikes.test.UsedCarsTest" name="testUsedCars" time="3.956"/>
  <system-out/>
  <testcase classname="com.newbikes.test.UsedCarsTest" name="testUsedCars" time="3.241"/>
  <system-out/>
  <testcase classname="com.newbikes.test.UsedCarsTest" name="hoverOnUsedCars" time="1.846"/>
  <system-out/>
  <testcase classname="com.newbikes.test.UsedCarsTest" name="hoverOnUsedCars" time="2.680"/>
  <system-out/>
  <testcase classname="com.newbikes.test.UsedCarsTest" name="hoverOnUsedCars" time="1.860"/>
  <system-out/>
  <testcase classname="com.newbikes.test.UsedCarsTest" name="clickChennai" time="3.730"/>
  <system-out/>
  <testcase classname="com.newbikes.test.UsedCarsTest" name="clickChennai" time="2.381"/>
  <system-out/>
  <testcase classname="com.newbikes.test.UsedCarsTest" name="clickChennai" time="3.109"/>
  <system-out/>
</testsuite> <!-- com.newbikes.test.UsedCarsTest -->
