<?xml version="1.0" encoding="UTF-8"?>
<!-- Generated by org.testng.reporters.JUnitReportReporter -->
<testsuite hostname="LAPTOP-E24ARRP0" failures="0" tests="3" name="test.GoogleSignInTest" time="51.041" errors="0" timestamp="2022-12-15T16:50:09 IST" skipped="0">
  <testcase classname="test.GoogleSignInTest" name="testGoogleSignIn" time="17.518"/>
  <system-out/>
  <testcase classname="test.GoogleSignInTest" name="testGoogleSignIn" time="16.482"/>
  <system-out/>
  <testcase classname="test.GoogleSignInTest" name="testGoogleSignIn" time="17.041"/>
  <system-out/>
</testsuite> <!-- test.GoogleSignInTest -->
