<?xml version="1.0" encoding="UTF-8"?>
<!-- Generated by org.testng.reporters.JUnitReportReporter -->
<testsuite hostname="LAPTOP-E24ARRP0" failures="0" tests="6" name="com.newbikes.test.GoogleSignInTest" time="19.222" errors="0" timestamp="2023-01-19T19:21:42 IST" skipped="0">
  <testcase classname="com.newbikes.test.GoogleSignInTest" name="testGoogleSignIn" time="2.616"/>
  <system-out/>
  <testcase classname="com.newbikes.test.GoogleSignInTest" name="testGoogleSignIn" time="6.175"/>
  <system-out/>
  <testcase classname="com.newbikes.test.GoogleSignInTest" name="testGoogleSignIn" time="4.141"/>
  <system-out/>
  <testcase classname="com.newbikes.test.GoogleSignInTest" name="clickSignInButton" time="2.764"/>
  <system-out/>
  <testcase classname="com.newbikes.test.GoogleSignInTest" name="clickSignInButton" time="1.645"/>
  <system-out/>
  <testcase classname="com.newbikes.test.GoogleSignInTest" name="clickSignInButton" time="1.881"/>
  <system-out/>
</testsuite> <!-- com.newbikes.test.GoogleSignInTest -->
