<?xml version="1.0" encoding="UTF-8"?>
<!-- Generated by org.testng.reporters.JUnitReportReporter -->
<testsuite hostname="LAPTOP-E24ARRP0" failures="0" tests="1" name="regression.Reg" time="15.605" errors="0" timestamp="2022-12-15T17:02:43 IST" skipped="0">
  <testcase classname="regression.Reg" name="testone" time="15.605"/>
  <system-out/>
</testsuite> <!-- regression.Reg -->
