<?xml version="1.0" encoding="UTF-8"?>
<!-- Generated by org.testng.reporters.JUnitReportReporter -->
<testsuite hostname="LAPTOP-E24ARRP0" failures="0" tests="3" name="test.GoogleSignIn" time="41.461" errors="0" timestamp="2022-12-09T19:11:01 IST" skipped="0">
  <testcase classname="test.GoogleSignIn" name="testone" time="15.796"/>
  <system-out/>
  <testcase classname="test.GoogleSignIn" name="testone" time="14.604"/>
  <system-out/>
  <testcase classname="test.GoogleSignIn" name="testone" time="11.061"/>
  <system-out/>
</testsuite> <!-- test.GoogleSignIn -->
