<?xml version="1.0" encoding="UTF-8"?>
<!-- Generated by org.testng.reporters.JUnitReportReporter -->
<testsuite hostname="LAPTOP-E24ARRP0" failures="0" tests="1" name="test.demoClass" time="6.231" errors="0" timestamp="2022-12-09T15:17:23 IST" skipped="0">
  <testcase classname="test.demoClass" name="testone" time="6.231"/>
  <system-out/>
</testsuite> <!-- test.demoClass -->
