<?xml version="1.0" encoding="UTF-8"?>
<!-- Generated by org.testng.reporters.JUnitReportReporter -->
<testsuite hostname="DESKTOP-2SSI7FC" failures="0" tests="1" name="com.newbikes.base.Base" time="2.220" errors="0" timestamp="2022-12-20T00:05:16 IST" skipped="0">
  <testcase classname="com.newbikes.base.Base" name="openBrowser" time="2.220"/>
  <system-out/>
</testsuite> <!-- com.newbikes.base.Base -->
