<?xml version="1.0" encoding="UTF-8"?>
<!-- Generated by org.testng.reporters.JUnitReportReporter -->
<testsuite hostname="DESKTOP-2SSI7FC" failures="0" tests="3" name="smokeTest.test.SmokeTest" time="10.800" errors="0" timestamp="2022-12-15T02:01:17 IST" skipped="0">
  <testcase classname="smokeTest.test.SmokeTest" name="signInButtonTest" time="1.936"/>
  <system-out/>
  <testcase classname="smokeTest.test.SmokeTest" name="upcomingSubMenuTest" time="3.754"/>
  <system-out/>
  <testcase classname="smokeTest.test.SmokeTest" name="findUsedCarsSubMenu" time="5.110"/>
  <system-out/>
</testsuite> <!-- smokeTest.test.SmokeTest -->
