<?xml version="1.0" encoding="UTF-8"?>
<!-- Generated by org.testng.reporters.JUnitReportReporter -->
<testsuite hostname="DESKTOP-2SSI7FC" failures="0" tests="3" name="com.newbikes.test.smoketest.test.SmokeTest" time="11.819" errors="0" timestamp="2022-12-19T18:43:42 IST" skipped="0">
  <testcase classname="com.newbikes.test.smoketest.test.SmokeTest" name="signInButton" time="3.356"/>
  <system-out/>
  <testcase classname="com.newbikes.test.smoketest.test.SmokeTest" name="upcomingSubMenu" time="3.455"/>
  <system-out/>
  <testcase classname="com.newbikes.test.smoketest.test.SmokeTest" name="usedCarsSubMenu" time="5.008"/>
  <system-out/>
</testsuite> <!-- com.newbikes.test.smoketest.test.SmokeTest -->
