<?xml version="1.0" encoding="UTF-8"?>
<!-- Generated by org.testng.reporters.JUnitReportReporter -->
<testsuite hostname="DESKTOP-2SSI7FC" failures="0" tests="3" name="test.UsedCarsTest_own" time="327.497" errors="0" timestamp="2022-12-13T13:43:07 IST" skipped="0">
  <testcase classname="test.UsedCarsTest_own" name="testUsedCars" time="102.303"/>
  <system-out/>
  <testcase classname="test.UsedCarsTest_own" name="testUsedCars" time="101.182"/>
  <system-out/>
  <testcase classname="test.UsedCarsTest_own" name="testUsedCars" time="124.012"/>
  <system-out/>
</testsuite> <!-- test.UsedCarsTest_own -->
