<?xml version="1.0" encoding="UTF-8"?>
<!-- Generated by org.testng.reporters.JUnitReportReporter -->
<testsuite hostname="LAPTOP-E24ARRP0" failures="0" tests="9" name="com.newbikes.test.UpcomingBikesTest" time="26.709" errors="0" timestamp="2023-01-19T19:21:42 IST" skipped="0">
  <testcase classname="com.newbikes.test.UpcomingBikesTest" name="testUpcomingBike" time="3.687"/>
  <system-out/>
  <testcase classname="com.newbikes.test.UpcomingBikesTest" name="testUpcomingBike" time="4.569"/>
  <system-out/>
  <testcase classname="com.newbikes.test.UpcomingBikesTest" name="testUpcomingBike" time="3.357"/>
  <system-out/>
  <testcase classname="com.newbikes.test.UpcomingBikesTest" name="hoverOnNewBikesMenu" time="1.811"/>
  <system-out/>
  <testcase classname="com.newbikes.test.UpcomingBikesTest" name="hoverOnNewBikesMenu" time="2.451"/>
  <system-out/>
  <testcase classname="com.newbikes.test.UpcomingBikesTest" name="hoverOnNewBikesMenu" time="1.863"/>
  <system-out/>
  <testcase classname="com.newbikes.test.UpcomingBikesTest" name="clickUpcomingBikes" time="4.254"/>
  <system-out/>
  <testcase classname="com.newbikes.test.UpcomingBikesTest" name="clickUpcomingBikes" time="1.729"/>
  <system-out/>
  <testcase classname="com.newbikes.test.UpcomingBikesTest" name="clickUpcomingBikes" time="2.988"/>
  <system-out/>
</testsuite> <!-- com.newbikes.test.UpcomingBikesTest -->
