<?xml version="1.0" encoding="UTF-8"?>
<!-- Generated by org.testng.reporters.JUnitReportReporter -->
<testsuite hostname="DESKTOP-2SSI7FC" failures="0" tests="3" name="regression.RegressionTest" time="150.413" errors="0" timestamp="2022-12-15T19:27:30 IST" skipped="0">
  <testcase classname="regression.RegressionTest" name="testGoogleSignIn" time="14.091"/>
  <system-out/>
  <testcase classname="regression.RegressionTest" name="testUpcomingBike" time="9.679"/>
  <system-out/>
  <testcase classname="regression.RegressionTest" name="testUsedCars" time="126.643"/>
  <system-out/>
</testsuite> <!-- regression.RegressionTest -->
