<?xml version="1.0" encoding="UTF-8"?>
<!-- Generated by org.testng.reporters.JUnitReportReporter -->
<testsuite hostname="DESKTOP-2SSI7FC" failures="0" tests="3" name="test.UpcomingBikesTest" time="38.646" errors="0" timestamp="2022-12-16T19:17:45 IST" skipped="0">
  <testcase classname="test.UpcomingBikesTest" name="testUpcomingBike" time="12.041"/>
  <system-out/>
  <testcase classname="test.UpcomingBikesTest" name="testUpcomingBike" time="13.337"/>
  <system-out/>
  <testcase classname="test.UpcomingBikesTest" name="testUpcomingBike" time="13.268"/>
  <system-out/>
</testsuite> <!-- test.UpcomingBikesTest -->
