<?xml version="1.0" encoding="UTF-8"?>
<!-- Generated by org.testng.reporters.JUnitReportReporter -->
<testsuite hostname="DESKTOP-2SSI7FC" failures="0" tests="3" name="test.UsedCarsTest" time="163.033" errors="0" timestamp="2022-12-16T19:17:45 IST" skipped="0">
  <testcase classname="test.UsedCarsTest" name="testUsedCars" time="61.009"/>
  <system-out/>
  <testcase classname="test.UsedCarsTest" name="testUsedCars" time="44.607"/>
  <system-out/>
  <testcase classname="test.UsedCarsTest" name="testUsedCars" time="57.417"/>
  <system-out/>
</testsuite> <!-- test.UsedCarsTest -->
