<?xml version="1.0" encoding="UTF-8"?>
<!-- Generated by org.testng.reporters.JUnitReportReporter -->
<testsuite hostname="DESKTOP-2SSI7FC" failures="0" tests="15" name="com.newbikes.test.UsedCarsTest" time="184.133" errors="0" timestamp="2022-12-20T02:49:48 IST" skipped="0">
  <testcase classname="com.newbikes.test.UsedCarsTest" name="testUsedCars" time="4.351"/>
  <system-out/>
  <testcase classname="com.newbikes.test.UsedCarsTest" name="testUsedCars" time="1.718"/>
  <system-out/>
  <testcase classname="com.newbikes.test.UsedCarsTest" name="testUsedCars" time="2.842"/>
  <system-out/>
  <testcase classname="com.newbikes.test.UsedCarsTest" name="hoverOnUsedCars" time="1.760"/>
  <system-out/>
  <testcase classname="com.newbikes.test.UsedCarsTest" name="hoverOnUsedCars" time="1.576"/>
  <system-out/>
  <testcase classname="com.newbikes.test.UsedCarsTest" name="hoverOnUsedCars" time="1.806"/>
  <system-out/>
  <testcase classname="com.newbikes.test.UsedCarsTest" name="clickChennai" time="2.402"/>
  <system-out/>
  <testcase classname="com.newbikes.test.UsedCarsTest" name="clickChennai" time="2.072"/>
  <system-out/>
  <testcase classname="com.newbikes.test.UsedCarsTest" name="clickChennai" time="2.542"/>
  <system-out/>
  <testcase classname="com.newbikes.test.UsedCarsTest" name="clickAllPopularCars" time="37.841"/>
  <system-out/>
  <testcase classname="com.newbikes.test.UsedCarsTest" name="clickAllPopularCars" time="31.705"/>
  <system-out/>
  <testcase classname="com.newbikes.test.UsedCarsTest" name="clickAllPopularCars" time="33.786"/>
  <system-out/>
  <testcase classname="com.newbikes.test.UsedCarsTest" name="updateCarModelsInExcel" time="24.691"/>
  <system-out/>
  <testcase classname="com.newbikes.test.UsedCarsTest" name="updateCarModelsInExcel" time="11.214"/>
  <system-out/>
  <testcase classname="com.newbikes.test.UsedCarsTest" name="updateCarModelsInExcel" time="23.827"/>
  <system-out/>
</testsuite> <!-- com.newbikes.test.UsedCarsTest -->
