<?xml version="1.0" encoding="UTF-8"?>
<!-- Generated by org.testng.reporters.JUnitReportReporter -->
<testsuite hostname="DESKTOP-2SSI7FC" failures="0" tests="18" name="com.newbikes.test.GoogleSignInTest" time="41.913" errors="0" timestamp="2022-12-20T02:49:48 IST" skipped="0">
  <testcase classname="com.newbikes.test.GoogleSignInTest" name="testGoogleSignIn" time="3.117"/>
  <system-out/>
  <testcase classname="com.newbikes.test.GoogleSignInTest" name="testGoogleSignIn" time="1.937"/>
  <system-out/>
  <testcase classname="com.newbikes.test.GoogleSignInTest" name="testGoogleSignIn" time="5.234"/>
  <system-out/>
  <testcase classname="com.newbikes.test.GoogleSignInTest" name="clickSignInButton" time="1.537"/>
  <system-out/>
  <testcase classname="com.newbikes.test.GoogleSignInTest" name="clickSignInButton" time="1.607"/>
  <system-out/>
  <testcase classname="com.newbikes.test.GoogleSignInTest" name="clickSignInButton" time="1.814"/>
  <system-out/>
  <testcase classname="com.newbikes.test.GoogleSignInTest" name="clickGoogleButton" time="1.736"/>
  <system-out/>
  <testcase classname="com.newbikes.test.GoogleSignInTest" name="clickGoogleButton" time="1.566"/>
  <system-out/>
  <testcase classname="com.newbikes.test.GoogleSignInTest" name="clickGoogleButton" time="1.697"/>
  <system-out/>
  <testcase classname="com.newbikes.test.GoogleSignInTest" name="enterUserName" time="1.507"/>
  <system-out/>
  <testcase classname="com.newbikes.test.GoogleSignInTest" name="enterUserName" time="2.081"/>
  <system-out/>
  <testcase classname="com.newbikes.test.GoogleSignInTest" name="enterUserName" time="1.690"/>
  <system-out/>
  <testcase classname="com.newbikes.test.GoogleSignInTest" name="clickNextButton" time="1.323"/>
  <system-out/>
  <testcase classname="com.newbikes.test.GoogleSignInTest" name="clickNextButton" time="1.444"/>
  <system-out/>
  <testcase classname="com.newbikes.test.GoogleSignInTest" name="clickNextButton" time="1.331"/>
  <system-out/>
  <testcase classname="com.newbikes.test.GoogleSignInTest" name="getErrorMessage" time="4.072"/>
  <system-out/>
  <testcase classname="com.newbikes.test.GoogleSignInTest" name="getErrorMessage" time="4.125"/>
  <system-out/>
  <testcase classname="com.newbikes.test.GoogleSignInTest" name="getErrorMessage" time="4.095"/>
  <system-out/>
</testsuite> <!-- com.newbikes.test.GoogleSignInTest -->
