<?xml version="1.0" encoding="UTF-8"?>
<!-- Generated by org.testng.reporters.JUnitReportReporter -->
<testsuite hostname="DESKTOP-2SSI7FC" failures="0" tests="3" name="regression.RegressionTest" time="102.709" errors="0" timestamp="2022-12-15T20:29:27 IST" skipped="0">
  <testcase classname="regression.RegressionTest" name="testGoogleSignIn" time="12.440"/>
  <system-out/>
  <testcase classname="regression.RegressionTest" name="testUpcomingBike" time="17.131"/>
  <system-out/>
  <testcase classname="regression.RegressionTest" name="testUsedCars" time="73.138"/>
  <system-out/>
</testsuite> <!-- regression.RegressionTest -->
