<?xml version="1.0" encoding="UTF-8"?>
<!-- Generated by org.testng.reporters.JUnitReportReporter -->
<testsuite hostname="DESKTOP-2SSI7FC" failures="0" tests="3" name="test.GoogleSignInTest" time="42.235" errors="0" timestamp="2022-12-16T19:17:45 IST" skipped="0">
  <testcase classname="test.GoogleSignInTest" name="testGoogleSignIn" time="13.980"/>
  <system-out/>
  <testcase classname="test.GoogleSignInTest" name="testGoogleSignIn" time="13.481"/>
  <system-out/>
  <testcase classname="test.GoogleSignInTest" name="testGoogleSignIn" time="14.774"/>
  <system-out/>
</testsuite> <!-- test.GoogleSignInTest -->
