<?xml version="1.0" encoding="UTF-8"?>
<!-- Generated by org.testng.reporters.JUnitReportReporter -->
<testsuite hostname="DESKTOP-2SSI7FC" failures="0" tests="18" name="com.newbikes.test.UpcomingBikesTest" time="45.144" errors="0" timestamp="2022-12-20T02:49:48 IST" skipped="0">
  <testcase classname="com.newbikes.test.UpcomingBikesTest" name="testUpcomingBike" time="1.693"/>
  <system-out/>
  <testcase classname="com.newbikes.test.UpcomingBikesTest" name="testUpcomingBike" time="2.755"/>
  <system-out/>
  <testcase classname="com.newbikes.test.UpcomingBikesTest" name="testUpcomingBike" time="3.628"/>
  <system-out/>
  <testcase classname="com.newbikes.test.UpcomingBikesTest" name="hoverOnNewBikesMenu" time="1.799"/>
  <system-out/>
  <testcase classname="com.newbikes.test.UpcomingBikesTest" name="hoverOnNewBikesMenu" time="1.743"/>
  <system-out/>
  <testcase classname="com.newbikes.test.UpcomingBikesTest" name="hoverOnNewBikesMenu" time="1.618"/>
  <system-out/>
  <testcase classname="com.newbikes.test.UpcomingBikesTest" name="clickUpcomingBikes" time="2.701"/>
  <system-out/>
  <testcase classname="com.newbikes.test.UpcomingBikesTest" name="clickUpcomingBikes" time="1.711"/>
  <system-out/>
  <testcase classname="com.newbikes.test.UpcomingBikesTest" name="clickUpcomingBikes" time="1.499"/>
  <system-out/>
  <testcase classname="com.newbikes.test.UpcomingBikesTest" name="selectManufacturer" time="1.545"/>
  <system-out/>
  <testcase classname="com.newbikes.test.UpcomingBikesTest" name="selectManufacturer" time="1.652"/>
  <system-out/>
  <testcase classname="com.newbikes.test.UpcomingBikesTest" name="selectManufacturer" time="1.574"/>
  <system-out/>
  <testcase classname="com.newbikes.test.UpcomingBikesTest" name="clickViewMoreButton" time="6.588"/>
  <system-out/>
  <testcase classname="com.newbikes.test.UpcomingBikesTest" name="clickViewMoreButton" time="6.552"/>
  <system-out/>
  <testcase classname="com.newbikes.test.UpcomingBikesTest" name="clickViewMoreButton" time="6.475"/>
  <system-out/>
  <testcase classname="com.newbikes.test.UpcomingBikesTest" name="printNewBikeModels" time="0.795"/>
  <system-out/>
  <testcase classname="com.newbikes.test.UpcomingBikesTest" name="printNewBikeModels" time="0.289"/>
  <system-out/>
  <testcase classname="com.newbikes.test.UpcomingBikesTest" name="printNewBikeModels" time="0.527"/>
  <system-out/>
</testsuite> <!-- com.newbikes.test.UpcomingBikesTest -->
